mode: set
D:\01Courses\03Master\0223-spring\1380_Distributed_Computer_Systems\modist-mtan33_\routing\tapestry\blob_store.go:28.32,32.2 3 1
D:\01Courses\03Master\0223-spring\1380_Distributed_Computer_Systems\modist-mtan33_\routing\tapestry\blob_store.go:35.53,37.12 2 1
D:\01Courses\03Master\0223-spring\1380_Distributed_Computer_Systems\modist-mtan33_\routing\tapestry\blob_store.go:40.2,40.19 1 0
D:\01Courses\03Master\0223-spring\1380_Distributed_Computer_Systems\modist-mtan33_\routing\tapestry\blob_store.go:37.12,39.3 1 1
D:\01Courses\03Master\0223-spring\1380_Distributed_Computer_Systems\modist-mtan33_\routing\tapestry\blob_store.go:44.73,50.12 4 1
D:\01Courses\03Master\0223-spring\1380_Distributed_Computer_Systems\modist-mtan33_\routing\tapestry\blob_store.go:55.2,55.40 1 1
D:\01Courses\03Master\0223-spring\1380_Distributed_Computer_Systems\modist-mtan33_\routing\tapestry\blob_store.go:50.12,52.3 1 0
D:\01Courses\03Master\0223-spring\1380_Distributed_Computer_Systems\modist-mtan33_\routing\tapestry\blob_store.go:59.46,65.12 4 0
D:\01Courses\03Master\0223-spring\1380_Distributed_Computer_Systems\modist-mtan33_\routing\tapestry\blob_store.go:68.2,69.15 2 0
D:\01Courses\03Master\0223-spring\1380_Distributed_Computer_Systems\modist-mtan33_\routing\tapestry\blob_store.go:65.12,67.3 1 0
D:\01Courses\03Master\0223-spring\1380_Distributed_Computer_Systems\modist-mtan33_\routing\tapestry\blob_store.go:73.34,77.35 3 1
D:\01Courses\03Master\0223-spring\1380_Distributed_Computer_Systems\modist-mtan33_\routing\tapestry\blob_store.go:77.35,80.3 2 0
D:\01Courses\03Master\0223-spring\1380_Distributed_Computer_Systems\modist-mtan33_\routing\tapestry\node_core.go:18.72,20.16 2 1
D:\01Courses\03Master\0223-spring\1380_Distributed_Computer_Systems\modist-mtan33_\routing\tapestry\node_core.go:23.2,24.12 2 1
D:\01Courses\03Master\0223-spring\1380_Distributed_Computer_Systems\modist-mtan33_\routing\tapestry\node_core.go:20.16,22.3 1 0
D:\01Courses\03Master\0223-spring\1380_Distributed_Computer_Systems\modist-mtan33_\routing\tapestry\node_core.go:29.60,32.16 2 1
D:\01Courses\03Master\0223-spring\1380_Distributed_Computer_Systems\modist-mtan33_\routing\tapestry\node_core.go:35.2,35.25 1 1
D:\01Courses\03Master\0223-spring\1380_Distributed_Computer_Systems\modist-mtan33_\routing\tapestry\node_core.go:40.2,45.37 3 1
D:\01Courses\03Master\0223-spring\1380_Distributed_Computer_Systems\modist-mtan33_\routing\tapestry\node_core.go:56.2,56.77 1 0
D:\01Courses\03Master\0223-spring\1380_Distributed_Computer_Systems\modist-mtan33_\routing\tapestry\node_core.go:32.16,34.3 1 0
D:\01Courses\03Master\0223-spring\1380_Distributed_Computer_Systems\modist-mtan33_\routing\tapestry\node_core.go:35.25,37.3 1 0
D:\01Courses\03Master\0223-spring\1380_Distributed_Computer_Systems\modist-mtan33_\routing\tapestry\node_core.go:45.37,49.17 4 1
D:\01Courses\03Master\0223-spring\1380_Distributed_Computer_Systems\modist-mtan33_\routing\tapestry\node_core.go:49.17,51.4 1 0
D:\01Courses\03Master\0223-spring\1380_Distributed_Computer_Systems\modist-mtan33_\routing\tapestry\node_core.go:51.9,51.30 1 1
D:\01Courses\03Master\0223-spring\1380_Distributed_Computer_Systems\modist-mtan33_\routing\tapestry\node_core.go:51.30,53.4 1 1
D:\01Courses\03Master\0223-spring\1380_Distributed_Computer_Systems\modist-mtan33_\routing\tapestry\node_core.go:60.52,62.2 1 0
D:\01Courses\03Master\0223-spring\1380_Distributed_Computer_Systems\modist-mtan33_\routing\tapestry\node_core.go:84.67,89.39 2 1
D:\01Courses\03Master\0223-spring\1380_Distributed_Computer_Systems\modist-mtan33_\routing\tapestry\node_core.go:125.2,128.12 2 1
D:\01Courses\03Master\0223-spring\1380_Distributed_Computer_Systems\modist-mtan33_\routing\tapestry\node_core.go:140.2,140.20 1 1
D:\01Courses\03Master\0223-spring\1380_Distributed_Computer_Systems\modist-mtan33_\routing\tapestry\node_core.go:89.39,90.32 1 1
D:\01Courses\03Master\0223-spring\1380_Distributed_Computer_Systems\modist-mtan33_\routing\tapestry\node_core.go:122.3,122.9 1 0
D:\01Courses\03Master\0223-spring\1380_Distributed_Computer_Systems\modist-mtan33_\routing\tapestry\node_core.go:90.32,93.18 2 1
D:\01Courses\03Master\0223-spring\1380_Distributed_Computer_Systems\modist-mtan33_\routing\tapestry\node_core.go:100.4,106.18 3 1
D:\01Courses\03Master\0223-spring\1380_Distributed_Computer_Systems\modist-mtan33_\routing\tapestry\node_core.go:111.4,116.28 4 1
D:\01Courses\03Master\0223-spring\1380_Distributed_Computer_Systems\modist-mtan33_\routing\tapestry\node_core.go:120.4,120.10 1 1
D:\01Courses\03Master\0223-spring\1380_Distributed_Computer_Systems\modist-mtan33_\routing\tapestry\node_core.go:93.18,96.13 2 0
D:\01Courses\03Master\0223-spring\1380_Distributed_Computer_Systems\modist-mtan33_\routing\tapestry\node_core.go:106.18,108.13 2 0
D:\01Courses\03Master\0223-spring\1380_Distributed_Computer_Systems\modist-mtan33_\routing\tapestry\node_core.go:116.28,118.13 2 0
D:\01Courses\03Master\0223-spring\1380_Distributed_Computer_Systems\modist-mtan33_\routing\tapestry\node_core.go:128.12,129.7 1 1
D:\01Courses\03Master\0223-spring\1380_Distributed_Computer_Systems\modist-mtan33_\routing\tapestry\node_core.go:129.7,130.11 1 1
D:\01Courses\03Master\0223-spring\1380_Distributed_Computer_Systems\modist-mtan33_\routing\tapestry\node_core.go:131.33,132.26 1 0
D:\01Courses\03Master\0223-spring\1380_Distributed_Computer_Systems\modist-mtan33_\routing\tapestry\node_core.go:133.18,135.11 1 0
D:\01Courses\03Master\0223-spring\1380_Distributed_Computer_Systems\modist-mtan33_\routing\tapestry\node_core.go:149.61,152.49 1 1
D:\01Courses\03Master\0223-spring\1380_Distributed_Computer_Systems\modist-mtan33_\routing\tapestry\node_core.go:181.2,181.74 1 0
D:\01Courses\03Master\0223-spring\1380_Distributed_Computer_Systems\modist-mtan33_\routing\tapestry\node_core.go:152.49,155.17 2 1
D:\01Courses\03Master\0223-spring\1380_Distributed_Computer_Systems\modist-mtan33_\routing\tapestry\node_core.go:161.3,162.17 2 1
D:\01Courses\03Master\0223-spring\1380_Distributed_Computer_Systems\modist-mtan33_\routing\tapestry\node_core.go:167.3,171.17 4 1
D:\01Courses\03Master\0223-spring\1380_Distributed_Computer_Systems\modist-mtan33_\routing\tapestry\node_core.go:177.3,177.56 1 1
D:\01Courses\03Master\0223-spring\1380_Distributed_Computer_Systems\modist-mtan33_\routing\tapestry\node_core.go:155.17,157.12 2 0
D:\01Courses\03Master\0223-spring\1380_Distributed_Computer_Systems\modist-mtan33_\routing\tapestry\node_core.go:162.17,164.12 2 0
D:\01Courses\03Master\0223-spring\1380_Distributed_Computer_Systems\modist-mtan33_\routing\tapestry\node_core.go:171.17,173.12 2 0
D:\01Courses\03Master\0223-spring\1380_Distributed_Computer_Systems\modist-mtan33_\routing\tapestry\node_core.go:190.96,192.16 2 1
D:\01Courses\03Master\0223-spring\1380_Distributed_Computer_Systems\modist-mtan33_\routing\tapestry\node_core.go:195.2,201.6 3 1
D:\01Courses\03Master\0223-spring\1380_Distributed_Computer_Systems\modist-mtan33_\routing\tapestry\node_core.go:192.16,194.3 1 0
D:\01Courses\03Master\0223-spring\1380_Distributed_Computer_Systems\modist-mtan33_\routing\tapestry\node_core.go:201.6,205.26 2 1
D:\01Courses\03Master\0223-spring\1380_Distributed_Computer_Systems\modist-mtan33_\routing\tapestry\node_core.go:213.3,221.17 4 1
D:\01Courses\03Master\0223-spring\1380_Distributed_Computer_Systems\modist-mtan33_\routing\tapestry\node_core.go:229.3,234.22 5 1
D:\01Courses\03Master\0223-spring\1380_Distributed_Computer_Systems\modist-mtan33_\routing\tapestry\node_core.go:205.26,210.4 1 1
D:\01Courses\03Master\0223-spring\1380_Distributed_Computer_Systems\modist-mtan33_\routing\tapestry\node_core.go:221.17,225.12 4 1
D:\01Courses\03Master\0223-spring\1380_Distributed_Computer_Systems\modist-mtan33_\routing\tapestry\node_core.go:248.19,250.16 2 1
D:\01Courses\03Master\0223-spring\1380_Distributed_Computer_Systems\modist-mtan33_\routing\tapestry\node_core.go:253.2,258.16 3 1
D:\01Courses\03Master\0223-spring\1380_Distributed_Computer_Systems\modist-mtan33_\routing\tapestry\node_core.go:263.2,263.44 1 1
D:\01Courses\03Master\0223-spring\1380_Distributed_Computer_Systems\modist-mtan33_\routing\tapestry\node_core.go:275.2,275.31 1 0
D:\01Courses\03Master\0223-spring\1380_Distributed_Computer_Systems\modist-mtan33_\routing\tapestry\node_core.go:250.16,252.3 1 0
D:\01Courses\03Master\0223-spring\1380_Distributed_Computer_Systems\modist-mtan33_\routing\tapestry\node_core.go:258.16,260.3 1 0
D:\01Courses\03Master\0223-spring\1380_Distributed_Computer_Systems\modist-mtan33_\routing\tapestry\node_core.go:263.44,268.34 2 1
D:\01Courses\03Master\0223-spring\1380_Distributed_Computer_Systems\modist-mtan33_\routing\tapestry\node_core.go:272.3,272.31 1 1
D:\01Courses\03Master\0223-spring\1380_Distributed_Computer_Systems\modist-mtan33_\routing\tapestry\node_core.go:268.34,270.4 1 0
D:\01Courses\03Master\0223-spring\1380_Distributed_Computer_Systems\modist-mtan33_\routing\tapestry\node_core.go:285.33,291.16 4 1
D:\01Courses\03Master\0223-spring\1380_Distributed_Computer_Systems\modist-mtan33_\routing\tapestry\node_core.go:296.2,296.44 1 1
D:\01Courses\03Master\0223-spring\1380_Distributed_Computer_Systems\modist-mtan33_\routing\tapestry\node_core.go:309.2,309.49 1 0
D:\01Courses\03Master\0223-spring\1380_Distributed_Computer_Systems\modist-mtan33_\routing\tapestry\node_core.go:291.16,293.3 1 0
D:\01Courses\03Master\0223-spring\1380_Distributed_Computer_Systems\modist-mtan33_\routing\tapestry\node_core.go:296.44,307.3 4 1
D:\01Courses\03Master\0223-spring\1380_Distributed_Computer_Systems\modist-mtan33_\routing\tapestry\node_core.go:318.25,322.11 3 1
D:\01Courses\03Master\0223-spring\1380_Distributed_Computer_Systems\modist-mtan33_\routing\tapestry\node_core.go:326.2,329.8 1 1
D:\01Courses\03Master\0223-spring\1380_Distributed_Computer_Systems\modist-mtan33_\routing\tapestry\node_core.go:322.11,324.3 1 0
D:\01Courses\03Master\0223-spring\1380_Distributed_Computer_Systems\modist-mtan33_\routing\tapestry\node_core.go:337.19,339.16 2 1
D:\01Courses\03Master\0223-spring\1380_Distributed_Computer_Systems\modist-mtan33_\routing\tapestry\node_core.go:343.2,344.42 2 1
D:\01Courses\03Master\0223-spring\1380_Distributed_Computer_Systems\modist-mtan33_\routing\tapestry\node_core.go:353.2,358.36 3 1
D:\01Courses\03Master\0223-spring\1380_Distributed_Computer_Systems\modist-mtan33_\routing\tapestry\node_core.go:339.16,341.3 1 0
D:\01Courses\03Master\0223-spring\1380_Distributed_Computer_Systems\modist-mtan33_\routing\tapestry\node_core.go:344.42,346.17 2 0
D:\01Courses\03Master\0223-spring\1380_Distributed_Computer_Systems\modist-mtan33_\routing\tapestry\node_core.go:346.17,348.4 1 0
D:\01Courses\03Master\0223-spring\1380_Distributed_Computer_Systems\modist-mtan33_\routing\tapestry\node_core.go:364.86,384.16 5 1
D:\01Courses\03Master\0223-spring\1380_Distributed_Computer_Systems\modist-mtan33_\routing\tapestry\node_core.go:389.2,390.16 2 1
D:\01Courses\03Master\0223-spring\1380_Distributed_Computer_Systems\modist-mtan33_\routing\tapestry\node_core.go:394.2,394.21 1 1
D:\01Courses\03Master\0223-spring\1380_Distributed_Computer_Systems\modist-mtan33_\routing\tapestry\node_core.go:384.16,386.3 1 0
D:\01Courses\03Master\0223-spring\1380_Distributed_Computer_Systems\modist-mtan33_\routing\tapestry\node_core.go:390.16,392.3 1 0
D:\01Courses\03Master\0223-spring\1380_Distributed_Computer_Systems\modist-mtan33_\routing\tapestry\node_init.go:61.44,63.2 1 1
D:\01Courses\03Master\0223-spring\1380_Distributed_Computer_Systems\modist-mtan33_\routing\tapestry\node_init.go:66.53,79.2 9 1
D:\01Courses\03Master\0223-spring\1380_Distributed_Computer_Systems\modist-mtan33_\routing\tapestry\node_init.go:82.100,92.10 5 1
D:\01Courses\03Master\0223-spring\1380_Distributed_Computer_Systems\modist-mtan33_\routing\tapestry\node_init.go:109.2,109.16 1 1
D:\01Courses\03Master\0223-spring\1380_Distributed_Computer_Systems\modist-mtan33_\routing\tapestry\node_init.go:92.10,94.46 1 1
D:\01Courses\03Master\0223-spring\1380_Distributed_Computer_Systems\modist-mtan33_\routing\tapestry\node_init.go:102.3,103.17 2 1
D:\01Courses\03Master\0223-spring\1380_Distributed_Computer_Systems\modist-mtan33_\routing\tapestry\node_init.go:94.46,100.4 1 0
D:\01Courses\03Master\0223-spring\1380_Distributed_Computer_Systems\modist-mtan33_\routing\tapestry\node_init.go:103.17,106.4 2 0
D:\01Courses\03Master\0223-spring\1380_Distributed_Computer_Systems\modist-mtan33_\routing\tapestry\node_init.go:112.66,120.26 3 1
D:\01Courses\03Master\0223-spring\1380_Distributed_Computer_Systems\modist-mtan33_\routing\tapestry\node_init.go:130.2,130.44 1 1
D:\01Courses\03Master\0223-spring\1380_Distributed_Computer_Systems\modist-mtan33_\routing\tapestry\node_init.go:135.2,135.24 1 1
D:\01Courses\03Master\0223-spring\1380_Distributed_Computer_Systems\modist-mtan33_\routing\tapestry\node_init.go:140.2,140.18 1 1
D:\01Courses\03Master\0223-spring\1380_Distributed_Computer_Systems\modist-mtan33_\routing\tapestry\node_init.go:120.26,123.16 1 1
D:\01Courses\03Master\0223-spring\1380_Distributed_Computer_Systems\modist-mtan33_\routing\tapestry\node_init.go:123.16,126.4 2 1
D:\01Courses\03Master\0223-spring\1380_Distributed_Computer_Systems\modist-mtan33_\routing\tapestry\node_init.go:130.44,132.3 1 1
D:\01Courses\03Master\0223-spring\1380_Distributed_Computer_Systems\modist-mtan33_\routing\tapestry\node_init.go:135.24,137.3 1 0
D:\01Courses\03Master\0223-spring\1380_Distributed_Computer_Systems\modist-mtan33_\routing\tapestry\node_init.go:149.56,154.16 3 1
D:\01Courses\03Master\0223-spring\1380_Distributed_Computer_Systems\modist-mtan33_\routing\tapestry\node_init.go:157.2,167.16 6 1
D:\01Courses\03Master\0223-spring\1380_Distributed_Computer_Systems\modist-mtan33_\routing\tapestry\node_init.go:172.2,173.16 2 1
D:\01Courses\03Master\0223-spring\1380_Distributed_Computer_Systems\modist-mtan33_\routing\tapestry\node_init.go:177.2,177.41 1 1
D:\01Courses\03Master\0223-spring\1380_Distributed_Computer_Systems\modist-mtan33_\routing\tapestry\node_init.go:188.2,188.28 1 1
D:\01Courses\03Master\0223-spring\1380_Distributed_Computer_Systems\modist-mtan33_\routing\tapestry\node_init.go:245.2,245.12 1 1
D:\01Courses\03Master\0223-spring\1380_Distributed_Computer_Systems\modist-mtan33_\routing\tapestry\node_init.go:154.16,156.3 1 0
D:\01Courses\03Master\0223-spring\1380_Distributed_Computer_Systems\modist-mtan33_\routing\tapestry\node_init.go:167.16,169.3 1 0
D:\01Courses\03Master\0223-spring\1380_Distributed_Computer_Systems\modist-mtan33_\routing\tapestry\node_init.go:173.16,175.3 1 0
D:\01Courses\03Master\0223-spring\1380_Distributed_Computer_Systems\modist-mtan33_\routing\tapestry\node_init.go:177.41,179.3 1 1
D:\01Courses\03Master\0223-spring\1380_Distributed_Computer_Systems\modist-mtan33_\routing\tapestry\node_init.go:188.28,193.18 3 1
D:\01Courses\03Master\0223-spring\1380_Distributed_Computer_Systems\modist-mtan33_\routing\tapestry\node_init.go:193.18,200.43 3 1
D:\01Courses\03Master\0223-spring\1380_Distributed_Computer_Systems\modist-mtan33_\routing\tapestry\node_init.go:230.4,233.47 2 1
D:\01Courses\03Master\0223-spring\1380_Distributed_Computer_Systems\modist-mtan33_\routing\tapestry\node_init.go:239.4,241.14 2 1
D:\01Courses\03Master\0223-spring\1380_Distributed_Computer_Systems\modist-mtan33_\routing\tapestry\node_init.go:200.43,202.28 2 1
D:\01Courses\03Master\0223-spring\1380_Distributed_Computer_Systems\modist-mtan33_\routing\tapestry\node_init.go:202.28,212.20 5 1
D:\01Courses\03Master\0223-spring\1380_Distributed_Computer_Systems\modist-mtan33_\routing\tapestry\node_init.go:219.6,220.20 2 1
D:\01Courses\03Master\0223-spring\1380_Distributed_Computer_Systems\modist-mtan33_\routing\tapestry\node_init.go:225.6,225.62 1 1
D:\01Courses\03Master\0223-spring\1380_Distributed_Computer_Systems\modist-mtan33_\routing\tapestry\node_init.go:212.20,216.7 3 1
D:\01Courses\03Master\0223-spring\1380_Distributed_Computer_Systems\modist-mtan33_\routing\tapestry\node_init.go:220.20,223.7 2 0
D:\01Courses\03Master\0223-spring\1380_Distributed_Computer_Systems\modist-mtan33_\routing\tapestry\node_init.go:233.47,235.5 1 1
D:\01Courses\03Master\0223-spring\1380_Distributed_Computer_Systems\modist-mtan33_\routing\tapestry\node_init.go:257.26,259.16 2 1
D:\01Courses\03Master\0223-spring\1380_Distributed_Computer_Systems\modist-mtan33_\routing\tapestry\node_init.go:263.2,267.71 2 1
D:\01Courses\03Master\0223-spring\1380_Distributed_Computer_Systems\modist-mtan33_\routing\tapestry\node_init.go:259.16,261.3 1 0
D:\01Courses\03Master\0223-spring\1380_Distributed_Computer_Systems\modist-mtan33_\routing\tapestry\node_init.go:283.26,285.16 2 1
D:\01Courses\03Master\0223-spring\1380_Distributed_Computer_Systems\modist-mtan33_\routing\tapestry\node_init.go:288.2,318.20 8 1
D:\01Courses\03Master\0223-spring\1380_Distributed_Computer_Systems\modist-mtan33_\routing\tapestry\node_init.go:382.2,384.65 2 1
D:\01Courses\03Master\0223-spring\1380_Distributed_Computer_Systems\modist-mtan33_\routing\tapestry\node_init.go:285.16,287.3 1 0
D:\01Courses\03Master\0223-spring\1380_Distributed_Computer_Systems\modist-mtan33_\routing\tapestry\node_init.go:318.20,320.34 1 1
D:\01Courses\03Master\0223-spring\1380_Distributed_Computer_Systems\modist-mtan33_\routing\tapestry\node_init.go:346.3,352.49 3 1
D:\01Courses\03Master\0223-spring\1380_Distributed_Computer_Systems\modist-mtan33_\routing\tapestry\node_init.go:378.3,378.40 1 1
D:\01Courses\03Master\0223-spring\1380_Distributed_Computer_Systems\modist-mtan33_\routing\tapestry\node_init.go:320.34,321.23 1 1
D:\01Courses\03Master\0223-spring\1380_Distributed_Computer_Systems\modist-mtan33_\routing\tapestry\node_init.go:321.23,332.19 5 1
D:\01Courses\03Master\0223-spring\1380_Distributed_Computer_Systems\modist-mtan33_\routing\tapestry\node_init.go:338.5,338.25 1 1
D:\01Courses\03Master\0223-spring\1380_Distributed_Computer_Systems\modist-mtan33_\routing\tapestry\node_init.go:332.19,336.6 2 0
D:\01Courses\03Master\0223-spring\1380_Distributed_Computer_Systems\modist-mtan33_\routing\tapestry\node_init.go:338.25,341.6 2 1
D:\01Courses\03Master\0223-spring\1380_Distributed_Computer_Systems\modist-mtan33_\routing\tapestry\node_init.go:352.49,360.48 3 1
D:\01Courses\03Master\0223-spring\1380_Distributed_Computer_Systems\modist-mtan33_\routing\tapestry\node_init.go:364.4,368.18 4 1
D:\01Courses\03Master\0223-spring\1380_Distributed_Computer_Systems\modist-mtan33_\routing\tapestry\node_init.go:360.48,362.5 1 0
D:\01Courses\03Master\0223-spring\1380_Distributed_Computer_Systems\modist-mtan33_\routing\tapestry\node_init.go:368.18,374.5 4 0
D:\01Courses\03Master\0223-spring\1380_Distributed_Computer_Systems\modist-mtan33_\routing\tapestry\node_init.go:394.19,396.16 2 1
D:\01Courses\03Master\0223-spring\1380_Distributed_Computer_Systems\modist-mtan33_\routing\tapestry\node_init.go:400.2,400.32 1 1
D:\01Courses\03Master\0223-spring\1380_Distributed_Computer_Systems\modist-mtan33_\routing\tapestry\node_init.go:403.2,408.16 3 1
D:\01Courses\03Master\0223-spring\1380_Distributed_Computer_Systems\modist-mtan33_\routing\tapestry\node_init.go:396.16,398.3 1 0
D:\01Courses\03Master\0223-spring\1380_Distributed_Computer_Systems\modist-mtan33_\routing\tapestry\node_init.go:400.32,402.3 1 1
D:\01Courses\03Master\0223-spring\1380_Distributed_Computer_Systems\modist-mtan33_\routing\tapestry\node_init.go:415.19,417.16 2 1
D:\01Courses\03Master\0223-spring\1380_Distributed_Computer_Systems\modist-mtan33_\routing\tapestry\node_init.go:421.2,421.35 1 1
D:\01Courses\03Master\0223-spring\1380_Distributed_Computer_Systems\modist-mtan33_\routing\tapestry\node_init.go:425.2,428.16 2 1
D:\01Courses\03Master\0223-spring\1380_Distributed_Computer_Systems\modist-mtan33_\routing\tapestry\node_init.go:417.16,419.3 1 0
D:\01Courses\03Master\0223-spring\1380_Distributed_Computer_Systems\modist-mtan33_\routing\tapestry\node_init.go:421.35,423.3 1 1
D:\01Courses\03Master\0223-spring\1380_Distributed_Computer_Systems\modist-mtan33_\routing\tapestry\node_init.go:436.26,438.16 2 1
D:\01Courses\03Master\0223-spring\1380_Distributed_Computer_Systems\modist-mtan33_\routing\tapestry\node_init.go:441.2,446.16 5 1
D:\01Courses\03Master\0223-spring\1380_Distributed_Computer_Systems\modist-mtan33_\routing\tapestry\node_init.go:450.2,453.18 2 1
D:\01Courses\03Master\0223-spring\1380_Distributed_Computer_Systems\modist-mtan33_\routing\tapestry\node_init.go:438.16,440.3 1 0
D:\01Courses\03Master\0223-spring\1380_Distributed_Computer_Systems\modist-mtan33_\routing\tapestry\node_init.go:446.16,448.3 1 1
D:\01Courses\03Master\0223-spring\1380_Distributed_Computer_Systems\modist-mtan33_\routing\tapestry\node_init.go:462.19,464.16 2 1
D:\01Courses\03Master\0223-spring\1380_Distributed_Computer_Systems\modist-mtan33_\routing\tapestry\node_init.go:468.2,468.35 1 1
D:\01Courses\03Master\0223-spring\1380_Distributed_Computer_Systems\modist-mtan33_\routing\tapestry\node_init.go:477.2,480.18 2 1
D:\01Courses\03Master\0223-spring\1380_Distributed_Computer_Systems\modist-mtan33_\routing\tapestry\node_init.go:464.16,466.3 1 0
D:\01Courses\03Master\0223-spring\1380_Distributed_Computer_Systems\modist-mtan33_\routing\tapestry\node_init.go:468.35,469.34 1 1
D:\01Courses\03Master\0223-spring\1380_Distributed_Computer_Systems\modist-mtan33_\routing\tapestry\node_init.go:472.3,472.41 1 1
D:\01Courses\03Master\0223-spring\1380_Distributed_Computer_Systems\modist-mtan33_\routing\tapestry\node_init.go:469.34,471.4 1 0
D:\01Courses\03Master\0223-spring\1380_Distributed_Computer_Systems\modist-mtan33_\routing\tapestry\node_init.go:472.41,474.4 1 1
D:\01Courses\03Master\0223-spring\1380_Distributed_Computer_Systems\modist-mtan33_\routing\tapestry\node_init.go:488.60,491.30 1 1
D:\01Courses\03Master\0223-spring\1380_Distributed_Computer_Systems\modist-mtan33_\routing\tapestry\node_init.go:496.2,499.11 2 1
D:\01Courses\03Master\0223-spring\1380_Distributed_Computer_Systems\modist-mtan33_\routing\tapestry\node_init.go:520.2,520.22 1 1
D:\01Courses\03Master\0223-spring\1380_Distributed_Computer_Systems\modist-mtan33_\routing\tapestry\node_init.go:535.2,535.12 1 1
D:\01Courses\03Master\0223-spring\1380_Distributed_Computer_Systems\modist-mtan33_\routing\tapestry\node_init.go:491.30,493.3 1 1
D:\01Courses\03Master\0223-spring\1380_Distributed_Computer_Systems\modist-mtan33_\routing\tapestry\node_init.go:499.11,501.26 1 1
D:\01Courses\03Master\0223-spring\1380_Distributed_Computer_Systems\modist-mtan33_\routing\tapestry\node_init.go:501.26,507.18 4 1
D:\01Courses\03Master\0223-spring\1380_Distributed_Computer_Systems\modist-mtan33_\routing\tapestry\node_init.go:507.18,510.25 2 0
D:\01Courses\03Master\0223-spring\1380_Distributed_Computer_Systems\modist-mtan33_\routing\tapestry\node_init.go:513.5,514.11 2 0
D:\01Courses\03Master\0223-spring\1380_Distributed_Computer_Systems\modist-mtan33_\routing\tapestry\node_init.go:510.25,512.6 1 0
D:\01Courses\03Master\0223-spring\1380_Distributed_Computer_Systems\modist-mtan33_\routing\tapestry\node_init.go:520.22,521.13 1 1
D:\01Courses\03Master\0223-spring\1380_Distributed_Computer_Systems\modist-mtan33_\routing\tapestry\node_init.go:521.13,527.18 4 1
D:\01Courses\03Master\0223-spring\1380_Distributed_Computer_Systems\modist-mtan33_\routing\tapestry\node_init.go:527.18,531.5 3 0
D:\01Courses\03Master\0223-spring\1380_Distributed_Computer_Systems\modist-mtan33_\routing\tapestry\node_exit.go:17.35,20.2 2 1
D:\01Courses\03Master\0223-spring\1380_Distributed_Computer_Systems\modist-mtan33_\routing\tapestry\node_exit.go:26.42,32.42 1 1
D:\01Courses\03Master\0223-spring\1380_Distributed_Computer_Systems\modist-mtan33_\routing\tapestry\node_exit.go:54.2,59.12 3 1
D:\01Courses\03Master\0223-spring\1380_Distributed_Computer_Systems\modist-mtan33_\routing\tapestry\node_exit.go:32.42,34.48 2 1
D:\01Courses\03Master\0223-spring\1380_Distributed_Computer_Systems\modist-mtan33_\routing\tapestry\node_exit.go:34.48,46.18 6 1
D:\01Courses\03Master\0223-spring\1380_Distributed_Computer_Systems\modist-mtan33_\routing\tapestry\node_exit.go:46.18,48.13 1 1
D:\01Courses\03Master\0223-spring\1380_Distributed_Computer_Systems\modist-mtan33_\routing\tapestry\node_exit.go:70.19,72.16 2 1
D:\01Courses\03Master\0223-spring\1380_Distributed_Computer_Systems\modist-mtan33_\routing\tapestry\node_exit.go:76.2,86.14 4 1
D:\01Courses\03Master\0223-spring\1380_Distributed_Computer_Systems\modist-mtan33_\routing\tapestry\node_exit.go:92.2,92.27 1 1
D:\01Courses\03Master\0223-spring\1380_Distributed_Computer_Systems\modist-mtan33_\routing\tapestry\node_exit.go:104.2,104.30 1 0
D:\01Courses\03Master\0223-spring\1380_Distributed_Computer_Systems\modist-mtan33_\routing\tapestry\node_exit.go:72.16,74.3 1 0
D:\01Courses\03Master\0223-spring\1380_Distributed_Computer_Systems\modist-mtan33_\routing\tapestry\node_exit.go:86.14,89.3 1 0
D:\01Courses\03Master\0223-spring\1380_Distributed_Computer_Systems\modist-mtan33_\routing\tapestry\node_exit.go:92.27,94.17 2 1
D:\01Courses\03Master\0223-spring\1380_Distributed_Computer_Systems\modist-mtan33_\routing\tapestry\node_exit.go:97.3,98.13 2 1
D:\01Courses\03Master\0223-spring\1380_Distributed_Computer_Systems\modist-mtan33_\routing\tapestry\node_exit.go:94.17,96.4 1 0
D:\01Courses\03Master\0223-spring\1380_Distributed_Computer_Systems\modist-mtan33_\routing\tapestry\node_exit.go:98.13,101.4 1 1
D:\01Courses\03Master\0223-spring\1380_Distributed_Computer_Systems\modist-mtan33_\routing\tapestry\routing_table.go:26.43,31.30 3 1
D:\01Courses\03Master\0223-spring\1380_Distributed_Computer_Systems\modist-mtan33_\routing\tapestry\routing_table.go:38.2,38.30 1 1
D:\01Courses\03Master\0223-spring\1380_Distributed_Computer_Systems\modist-mtan33_\routing\tapestry\routing_table.go:43.2,43.10 1 1
D:\01Courses\03Master\0223-spring\1380_Distributed_Computer_Systems\modist-mtan33_\routing\tapestry\routing_table.go:31.30,32.29 1 1
D:\01Courses\03Master\0223-spring\1380_Distributed_Computer_Systems\modist-mtan33_\routing\tapestry\routing_table.go:32.29,34.4 1 1
D:\01Courses\03Master\0223-spring\1380_Distributed_Computer_Systems\modist-mtan33_\routing\tapestry\routing_table.go:38.30,41.3 2 1
D:\01Courses\03Master\0223-spring\1380_Distributed_Computer_Systems\modist-mtan33_\routing\tapestry\routing_table.go:54.72,67.42 4 1
D:\01Courses\03Master\0223-spring\1380_Distributed_Computer_Systems\modist-mtan33_\routing\tapestry\routing_table.go:72.2,79.46 3 1
D:\01Courses\03Master\0223-spring\1380_Distributed_Computer_Systems\modist-mtan33_\routing\tapestry\routing_table.go:87.2,87.45 1 1
D:\01Courses\03Master\0223-spring\1380_Distributed_Computer_Systems\modist-mtan33_\routing\tapestry\routing_table.go:123.2,123.19 1 0
D:\01Courses\03Master\0223-spring\1380_Distributed_Computer_Systems\modist-mtan33_\routing\tapestry\routing_table.go:67.42,70.3 1 1
D:\01Courses\03Master\0223-spring\1380_Distributed_Computer_Systems\modist-mtan33_\routing\tapestry\routing_table.go:79.46,80.27 1 1
D:\01Courses\03Master\0223-spring\1380_Distributed_Computer_Systems\modist-mtan33_\routing\tapestry\routing_table.go:80.27,83.4 1 1
D:\01Courses\03Master\0223-spring\1380_Distributed_Computer_Systems\modist-mtan33_\routing\tapestry\routing_table.go:87.45,92.52 3 1
D:\01Courses\03Master\0223-spring\1380_Distributed_Computer_Systems\modist-mtan33_\routing\tapestry\routing_table.go:101.3,101.15 1 1
D:\01Courses\03Master\0223-spring\1380_Distributed_Computer_Systems\modist-mtan33_\routing\tapestry\routing_table.go:107.3,110.41 2 1
D:\01Courses\03Master\0223-spring\1380_Distributed_Computer_Systems\modist-mtan33_\routing\tapestry\routing_table.go:92.52,93.65 1 1
D:\01Courses\03Master\0223-spring\1380_Distributed_Computer_Systems\modist-mtan33_\routing\tapestry\routing_table.go:93.65,94.68 1 1
D:\01Courses\03Master\0223-spring\1380_Distributed_Computer_Systems\modist-mtan33_\routing\tapestry\routing_table.go:97.5,97.19 1 1
D:\01Courses\03Master\0223-spring\1380_Distributed_Computer_Systems\modist-mtan33_\routing\tapestry\routing_table.go:94.68,96.6 1 1
D:\01Courses\03Master\0223-spring\1380_Distributed_Computer_Systems\modist-mtan33_\routing\tapestry\routing_table.go:101.15,105.4 1 0
D:\01Courses\03Master\0223-spring\1380_Distributed_Computer_Systems\modist-mtan33_\routing\tapestry\routing_table.go:110.41,111.51 1 1
D:\01Courses\03Master\0223-spring\1380_Distributed_Computer_Systems\modist-mtan33_\routing\tapestry\routing_table.go:111.51,114.5 2 1
D:\01Courses\03Master\0223-spring\1380_Distributed_Computer_Systems\modist-mtan33_\routing\tapestry\routing_table.go:116.8,121.3 2 1
D:\01Courses\03Master\0223-spring\1380_Distributed_Computer_Systems\modist-mtan33_\routing\tapestry\routing_table.go:129.66,140.42 4 1
D:\01Courses\03Master\0223-spring\1380_Distributed_Computer_Systems\modist-mtan33_\routing\tapestry\routing_table.go:147.2,151.48 3 1
D:\01Courses\03Master\0223-spring\1380_Distributed_Computer_Systems\modist-mtan33_\routing\tapestry\routing_table.go:162.2,162.14 1 1
D:\01Courses\03Master\0223-spring\1380_Distributed_Computer_Systems\modist-mtan33_\routing\tapestry\routing_table.go:140.42,143.3 1 1
D:\01Courses\03Master\0223-spring\1380_Distributed_Computer_Systems\modist-mtan33_\routing\tapestry\routing_table.go:151.48,152.45 1 1
D:\01Courses\03Master\0223-spring\1380_Distributed_Computer_Systems\modist-mtan33_\routing\tapestry\routing_table.go:152.45,157.4 2 1
D:\01Courses\03Master\0223-spring\1380_Distributed_Computer_Systems\modist-mtan33_\routing\tapestry\routing_table.go:166.59,172.35 3 1
D:\01Courses\03Master\0223-spring\1380_Distributed_Computer_Systems\modist-mtan33_\routing\tapestry\routing_table.go:176.2,176.42 1 1
D:\01Courses\03Master\0223-spring\1380_Distributed_Computer_Systems\modist-mtan33_\routing\tapestry\routing_table.go:184.2,184.16 1 1
D:\01Courses\03Master\0223-spring\1380_Distributed_Computer_Systems\modist-mtan33_\routing\tapestry\routing_table.go:172.35,174.3 1 1
D:\01Courses\03Master\0223-spring\1380_Distributed_Computer_Systems\modist-mtan33_\routing\tapestry\routing_table.go:176.42,177.34 1 1
D:\01Courses\03Master\0223-spring\1380_Distributed_Computer_Systems\modist-mtan33_\routing\tapestry\routing_table.go:177.34,178.25 1 1
D:\01Courses\03Master\0223-spring\1380_Distributed_Computer_Systems\modist-mtan33_\routing\tapestry\routing_table.go:178.25,180.5 1 0
D:\01Courses\03Master\0223-spring\1380_Distributed_Computer_Systems\modist-mtan33_\routing\tapestry\routing_table.go:188.59,197.6 4 1
D:\01Courses\03Master\0223-spring\1380_Distributed_Computer_Systems\modist-mtan33_\routing\tapestry\routing_table.go:197.6,198.39 1 1
D:\01Courses\03Master\0223-spring\1380_Distributed_Computer_Systems\modist-mtan33_\routing\tapestry\routing_table.go:203.3,205.25 2 1
D:\01Courses\03Master\0223-spring\1380_Distributed_Computer_Systems\modist-mtan33_\routing\tapestry\routing_table.go:198.39,200.12 2 1
D:\01Courses\03Master\0223-spring\1380_Distributed_Computer_Systems\modist-mtan33_\routing\tapestry\routing_table.go:205.25,207.23 2 1
D:\01Courses\03Master\0223-spring\1380_Distributed_Computer_Systems\modist-mtan33_\routing\tapestry\routing_table.go:210.4,210.28 1 1
D:\01Courses\03Master\0223-spring\1380_Distributed_Computer_Systems\modist-mtan33_\routing\tapestry\routing_table.go:207.23,209.5 1 1
D:\01Courses\03Master\0223-spring\1380_Distributed_Computer_Systems\modist-mtan33_\routing\tapestry\routing_table.go:211.9,213.4 1 1
D:\01Courses\03Master\0223-spring\1380_Distributed_Computer_Systems\modist-mtan33_\routing\tapestry\tapestry.go:34.33,40.16 4 1
D:\01Courses\03Master\0223-spring\1380_Distributed_Computer_Systems\modist-mtan33_\routing\tapestry\tapestry.go:45.2,57.10 6 1
D:\01Courses\03Master\0223-spring\1380_Distributed_Computer_Systems\modist-mtan33_\routing\tapestry\tapestry.go:40.16,43.3 2 0
D:\01Courses\03Master\0223-spring\1380_Distributed_Computer_Systems\modist-mtan33_\routing\tapestry\tapestry.go:63.33,69.16 4 0
D:\01Courses\03Master\0223-spring\1380_Distributed_Computer_Systems\modist-mtan33_\routing\tapestry\tapestry.go:73.2,79.18 4 0
D:\01Courses\03Master\0223-spring\1380_Distributed_Computer_Systems\modist-mtan33_\routing\tapestry\tapestry.go:69.16,71.3 1 0
D:\01Courses\03Master\0223-spring\1380_Distributed_Computer_Systems\modist-mtan33_\routing\tapestry\tapestry.go:85.34,90.16 4 0
D:\01Courses\03Master\0223-spring\1380_Distributed_Computer_Systems\modist-mtan33_\routing\tapestry\tapestry.go:94.2,94.19 1 0
D:\01Courses\03Master\0223-spring\1380_Distributed_Computer_Systems\modist-mtan33_\routing\tapestry\tapestry.go:98.2,100.16 3 0
D:\01Courses\03Master\0223-spring\1380_Distributed_Computer_Systems\modist-mtan33_\routing\tapestry\tapestry.go:103.2,103.37 1 0
D:\01Courses\03Master\0223-spring\1380_Distributed_Computer_Systems\modist-mtan33_\routing\tapestry\tapestry.go:90.16,92.3 1 0
D:\01Courses\03Master\0223-spring\1380_Distributed_Computer_Systems\modist-mtan33_\routing\tapestry\tapestry.go:94.19,96.3 1 0
D:\01Courses\03Master\0223-spring\1380_Distributed_Computer_Systems\modist-mtan33_\routing\tapestry\tapestry.go:100.16,102.3 1 0
D:\01Courses\03Master\0223-spring\1380_Distributed_Computer_Systems\modist-mtan33_\routing\tapestry\tapestry.go:109.36,114.16 4 0
D:\01Courses\03Master\0223-spring\1380_Distributed_Computer_Systems\modist-mtan33_\routing\tapestry\tapestry.go:118.2,119.26 2 0
D:\01Courses\03Master\0223-spring\1380_Distributed_Computer_Systems\modist-mtan33_\routing\tapestry\tapestry.go:126.2,127.16 2 0
D:\01Courses\03Master\0223-spring\1380_Distributed_Computer_Systems\modist-mtan33_\routing\tapestry\tapestry.go:130.2,130.39 1 0
D:\01Courses\03Master\0223-spring\1380_Distributed_Computer_Systems\modist-mtan33_\routing\tapestry\tapestry.go:114.16,116.3 1 0
D:\01Courses\03Master\0223-spring\1380_Distributed_Computer_Systems\modist-mtan33_\routing\tapestry\tapestry.go:119.26,120.18 1 0
D:\01Courses\03Master\0223-spring\1380_Distributed_Computer_Systems\modist-mtan33_\routing\tapestry\tapestry.go:120.18,122.9 2 0
D:\01Courses\03Master\0223-spring\1380_Distributed_Computer_Systems\modist-mtan33_\routing\tapestry\tapestry.go:127.16,129.3 1 0
D:\01Courses\03Master\0223-spring\1380_Distributed_Computer_Systems\modist-mtan33_\routing\tapestry\testing_utils.go:14.44,16.25 2 1
D:\01Courses\03Master\0223-spring\1380_Distributed_Computer_Systems\modist-mtan33_\routing\tapestry\testing_utils.go:20.2,20.14 1 1
D:\01Courses\03Master\0223-spring\1380_Distributed_Computer_Systems\modist-mtan33_\routing\tapestry\testing_utils.go:16.25,19.3 2 1
D:\01Courses\03Master\0223-spring\1380_Distributed_Computer_Systems\modist-mtan33_\routing\tapestry\testing_utils.go:23.71,24.25 1 1
D:\01Courses\03Master\0223-spring\1380_Distributed_Computer_Systems\modist-mtan33_\routing\tapestry\testing_utils.go:31.2,31.8 1 1
D:\01Courses\03Master\0223-spring\1380_Distributed_Computer_Systems\modist-mtan33_\routing\tapestry\testing_utils.go:24.25,26.17 2 1
D:\01Courses\03Master\0223-spring\1380_Distributed_Computer_Systems\modist-mtan33_\routing\tapestry\testing_utils.go:29.3,29.36 1 1
D:\01Courses\03Master\0223-spring\1380_Distributed_Computer_Systems\modist-mtan33_\routing\tapestry\testing_utils.go:26.17,28.4 1 0
D:\01Courses\03Master\0223-spring\1380_Distributed_Computer_Systems\modist-mtan33_\routing\tapestry\testing_utils.go:35.79,37.16 2 1
D:\01Courses\03Master\0223-spring\1380_Distributed_Computer_Systems\modist-mtan33_\routing\tapestry\testing_utils.go:41.2,43.32 3 1
D:\01Courses\03Master\0223-spring\1380_Distributed_Computer_Systems\modist-mtan33_\routing\tapestry\testing_utils.go:62.2,62.24 1 1
D:\01Courses\03Master\0223-spring\1380_Distributed_Computer_Systems\modist-mtan33_\routing\tapestry\testing_utils.go:37.16,39.3 1 0
D:\01Courses\03Master\0223-spring\1380_Distributed_Computer_Systems\modist-mtan33_\routing\tapestry\testing_utils.go:43.32,48.27 2 1
D:\01Courses\03Master\0223-spring\1380_Distributed_Computer_Systems\modist-mtan33_\routing\tapestry\testing_utils.go:55.3,56.15 2 1
D:\01Courses\03Master\0223-spring\1380_Distributed_Computer_Systems\modist-mtan33_\routing\tapestry\testing_utils.go:59.3,60.36 2 1
D:\01Courses\03Master\0223-spring\1380_Distributed_Computer_Systems\modist-mtan33_\routing\tapestry\testing_utils.go:48.27,51.4 2 1
D:\01Courses\03Master\0223-spring\1380_Distributed_Computer_Systems\modist-mtan33_\routing\tapestry\testing_utils.go:51.9,53.4 1 1
D:\01Courses\03Master\0223-spring\1380_Distributed_Computer_Systems\modist-mtan33_\routing\tapestry\testing_utils.go:56.15,58.4 1 0
D:\01Courses\03Master\0223-spring\1380_Distributed_Computer_Systems\modist-mtan33_\routing\tapestry\testing_utils.go:73.42,75.16 2 1
D:\01Courses\03Master\0223-spring\1380_Distributed_Computer_Systems\modist-mtan33_\routing\tapestry\testing_utils.go:78.2,79.16 2 1
D:\01Courses\03Master\0223-spring\1380_Distributed_Computer_Systems\modist-mtan33_\routing\tapestry\testing_utils.go:83.2,88.39 5 1
D:\01Courses\03Master\0223-spring\1380_Distributed_Computer_Systems\modist-mtan33_\routing\tapestry\testing_utils.go:107.2,107.36 1 1
D:\01Courses\03Master\0223-spring\1380_Distributed_Computer_Systems\modist-mtan33_\routing\tapestry\testing_utils.go:75.16,77.3 1 0
D:\01Courses\03Master\0223-spring\1380_Distributed_Computer_Systems\modist-mtan33_\routing\tapestry\testing_utils.go:79.16,81.3 1 0
D:\01Courses\03Master\0223-spring\1380_Distributed_Computer_Systems\modist-mtan33_\routing\tapestry\testing_utils.go:88.39,93.27 2 1
D:\01Courses\03Master\0223-spring\1380_Distributed_Computer_Systems\modist-mtan33_\routing\tapestry\testing_utils.go:100.3,101.15 2 1
D:\01Courses\03Master\0223-spring\1380_Distributed_Computer_Systems\modist-mtan33_\routing\tapestry\testing_utils.go:104.3,105.36 2 1
D:\01Courses\03Master\0223-spring\1380_Distributed_Computer_Systems\modist-mtan33_\routing\tapestry\testing_utils.go:93.27,96.4 2 1
D:\01Courses\03Master\0223-spring\1380_Distributed_Computer_Systems\modist-mtan33_\routing\tapestry\testing_utils.go:96.9,98.4 1 1
D:\01Courses\03Master\0223-spring\1380_Distributed_Computer_Systems\modist-mtan33_\routing\tapestry\testing_utils.go:101.15,103.4 1 0
D:\01Courses\03Master\0223-spring\1380_Distributed_Computer_Systems\modist-mtan33_\routing\tapestry\testing_utils.go:110.42,111.23 1 1
D:\01Courses\03Master\0223-spring\1380_Distributed_Computer_Systems\modist-mtan33_\routing\tapestry\testing_utils.go:111.23,115.3 3 1
D:\01Courses\03Master\0223-spring\1380_Distributed_Computer_Systems\modist-mtan33_\routing\tapestry\testing_utils.go:119.52,124.2 1 1
D:\01Courses\03Master\0223-spring\1380_Distributed_Computer_Systems\modist-mtan33_\routing\tapestry\backpointers.go:30.43,33.30 3 1
D:\01Courses\03Master\0223-spring\1380_Distributed_Computer_Systems\modist-mtan33_\routing\tapestry\backpointers.go:36.2,36.10 1 1
D:\01Courses\03Master\0223-spring\1380_Distributed_Computer_Systems\modist-mtan33_\routing\tapestry\backpointers.go:33.30,35.3 1 1
D:\01Courses\03Master\0223-spring\1380_Distributed_Computer_Systems\modist-mtan33_\routing\tapestry\backpointers.go:41.50,42.31 1 1
D:\01Courses\03Master\0223-spring\1380_Distributed_Computer_Systems\modist-mtan33_\routing\tapestry\backpointers.go:45.2,45.14 1 0
D:\01Courses\03Master\0223-spring\1380_Distributed_Computer_Systems\modist-mtan33_\routing\tapestry\backpointers.go:42.31,44.3 1 1
D:\01Courses\03Master\0223-spring\1380_Distributed_Computer_Systems\modist-mtan33_\routing\tapestry\backpointers.go:50.53,51.31 1 1
D:\01Courses\03Master\0223-spring\1380_Distributed_Computer_Systems\modist-mtan33_\routing\tapestry\backpointers.go:54.2,54.14 1 1
D:\01Courses\03Master\0223-spring\1380_Distributed_Computer_Systems\modist-mtan33_\routing\tapestry\backpointers.go:51.31,53.3 1 1
D:\01Courses\03Master\0223-spring\1380_Distributed_Computer_Systems\modist-mtan33_\routing\tapestry\backpointers.go:58.44,59.34 1 1
D:\01Courses\03Master\0223-spring\1380_Distributed_Computer_Systems\modist-mtan33_\routing\tapestry\backpointers.go:62.2,62.30 1 1
D:\01Courses\03Master\0223-spring\1380_Distributed_Computer_Systems\modist-mtan33_\routing\tapestry\backpointers.go:59.34,61.3 1 0
D:\01Courses\03Master\0223-spring\1380_Distributed_Computer_Systems\modist-mtan33_\routing\tapestry\backpointers.go:66.56,68.2 1 1
D:\01Courses\03Master\0223-spring\1380_Distributed_Computer_Systems\modist-mtan33_\routing\tapestry\backpointers.go:71.28,75.2 3 1
D:\01Courses\03Master\0223-spring\1380_Distributed_Computer_Systems\modist-mtan33_\routing\tapestry\backpointers.go:79.45,85.2 5 1
D:\01Courses\03Master\0223-spring\1380_Distributed_Computer_Systems\modist-mtan33_\routing\tapestry\backpointers.go:88.46,90.45 2 0
D:\01Courses\03Master\0223-spring\1380_Distributed_Computer_Systems\modist-mtan33_\routing\tapestry\backpointers.go:93.2,93.18 1 0
D:\01Courses\03Master\0223-spring\1380_Distributed_Computer_Systems\modist-mtan33_\routing\tapestry\backpointers.go:90.45,92.3 1 0
D:\01Courses\03Master\0223-spring\1380_Distributed_Computer_Systems\modist-mtan33_\routing\tapestry\backpointers.go:98.48,104.2 5 1
D:\01Courses\03Master\0223-spring\1380_Distributed_Computer_Systems\modist-mtan33_\routing\tapestry\backpointers.go:107.54,112.2 4 0
D:\01Courses\03Master\0223-spring\1380_Distributed_Computer_Systems\modist-mtan33_\routing\tapestry\backpointers.go:115.30,120.2 4 0
D:\01Courses\03Master\0223-spring\1380_Distributed_Computer_Systems\modist-mtan33_\routing\tapestry\backpointers.go:123.32,126.35 3 1
D:\01Courses\03Master\0223-spring\1380_Distributed_Computer_Systems\modist-mtan33_\routing\tapestry\backpointers.go:129.2,130.16 2 1
D:\01Courses\03Master\0223-spring\1380_Distributed_Computer_Systems\modist-mtan33_\routing\tapestry\backpointers.go:126.35,128.3 1 1
D:\01Courses\03Master\0223-spring\1380_Distributed_Computer_Systems\modist-mtan33_\routing\tapestry\id.go:28.41,30.51 2 1
D:\01Courses\03Master\0223-spring\1380_Distributed_Computer_Systems\modist-mtan33_\routing\tapestry\id.go:37.2,37.42 1 1
D:\01Courses\03Master\0223-spring\1380_Distributed_Computer_Systems\modist-mtan33_\routing\tapestry\id.go:41.2,41.20 1 1
D:\01Courses\03Master\0223-spring\1380_Distributed_Computer_Systems\modist-mtan33_\routing\tapestry\id.go:30.51,32.17 2 1
D:\01Courses\03Master\0223-spring\1380_Distributed_Computer_Systems\modist-mtan33_\routing\tapestry\id.go:35.3,35.28 1 1
D:\01Courses\03Master\0223-spring\1380_Distributed_Computer_Systems\modist-mtan33_\routing\tapestry\id.go:32.17,34.4 1 0
D:\01Courses\03Master\0223-spring\1380_Distributed_Computer_Systems\modist-mtan33_\routing\tapestry\id.go:37.42,39.3 1 1
D:\01Courses\03Master\0223-spring\1380_Distributed_Computer_Systems\modist-mtan33_\routing\tapestry\id.go:46.54,48.16 2 1
D:\01Courses\03Master\0223-spring\1380_Distributed_Computer_Systems\modist-mtan33_\routing\tapestry\id.go:52.2,52.25 1 1
D:\01Courses\03Master\0223-spring\1380_Distributed_Computer_Systems\modist-mtan33_\routing\tapestry\id.go:48.16,50.3 1 0
D:\01Courses\03Master\0223-spring\1380_Distributed_Computer_Systems\modist-mtan33_\routing\tapestry\id.go:58.67,63.27 3 1
D:\01Courses\03Master\0223-spring\1380_Distributed_Computer_Systems\modist-mtan33_\routing\tapestry\id.go:67.2,67.30 1 1
D:\01Courses\03Master\0223-spring\1380_Distributed_Computer_Systems\modist-mtan33_\routing\tapestry\id.go:80.2,80.10 1 1
D:\01Courses\03Master\0223-spring\1380_Distributed_Computer_Systems\modist-mtan33_\routing\tapestry\id.go:63.27,65.3 1 1
D:\01Courses\03Master\0223-spring\1380_Distributed_Computer_Systems\modist-mtan33_\routing\tapestry\id.go:67.30,71.13 3 1
D:\01Courses\03Master\0223-spring\1380_Distributed_Computer_Systems\modist-mtan33_\routing\tapestry\id.go:71.13,74.54 2 1
D:\01Courses\03Master\0223-spring\1380_Distributed_Computer_Systems\modist-mtan33_\routing\tapestry\id.go:74.54,76.5 1 1
D:\01Courses\03Master\0223-spring\1380_Distributed_Computer_Systems\modist-mtan33_\routing\tapestry\id.go:84.31,91.20 4 1
D:\01Courses\03Master\0223-spring\1380_Distributed_Computer_Systems\modist-mtan33_\routing\tapestry\id.go:99.2,99.11 1 1
D:\01Courses\03Master\0223-spring\1380_Distributed_Computer_Systems\modist-mtan33_\routing\tapestry\id.go:91.20,93.15 2 1
D:\01Courses\03Master\0223-spring\1380_Distributed_Computer_Systems\modist-mtan33_\routing\tapestry\id.go:96.3,96.16 1 1
D:\01Courses\03Master\0223-spring\1380_Distributed_Computer_Systems\modist-mtan33_\routing\tapestry\id.go:93.15,95.4 1 1
D:\01Courses\03Master\0223-spring\1380_Distributed_Computer_Systems\modist-mtan33_\routing\tapestry\id.go:103.45,105.43 1 1
D:\01Courses\03Master\0223-spring\1380_Distributed_Computer_Systems\modist-mtan33_\routing\tapestry\id.go:110.2,110.10 1 1
D:\01Courses\03Master\0223-spring\1380_Distributed_Computer_Systems\modist-mtan33_\routing\tapestry\id.go:105.43,106.19 1 1
D:\01Courses\03Master\0223-spring\1380_Distributed_Computer_Systems\modist-mtan33_\routing\tapestry\id.go:106.19,107.9 1 1
D:\01Courses\03Master\0223-spring\1380_Distributed_Computer_Systems\modist-mtan33_\routing\tapestry\id.go:129.54,133.24 1 1
D:\01Courses\03Master\0223-spring\1380_Distributed_Computer_Systems\modist-mtan33_\routing\tapestry\id.go:140.2,142.51 3 1
D:\01Courses\03Master\0223-spring\1380_Distributed_Computer_Systems\modist-mtan33_\routing\tapestry\id.go:151.2,151.50 1 1
D:\01Courses\03Master\0223-spring\1380_Distributed_Computer_Systems\modist-mtan33_\routing\tapestry\id.go:170.2,170.14 1 0
D:\01Courses\03Master\0223-spring\1380_Distributed_Computer_Systems\modist-mtan33_\routing\tapestry\id.go:133.24,135.3 1 1
D:\01Courses\03Master\0223-spring\1380_Distributed_Computer_Systems\modist-mtan33_\routing\tapestry\id.go:142.51,144.3 1 1
D:\01Courses\03Master\0223-spring\1380_Distributed_Computer_Systems\modist-mtan33_\routing\tapestry\id.go:144.8,144.58 1 1
D:\01Courses\03Master\0223-spring\1380_Distributed_Computer_Systems\modist-mtan33_\routing\tapestry\id.go:144.58,146.3 1 1
D:\01Courses\03Master\0223-spring\1380_Distributed_Computer_Systems\modist-mtan33_\routing\tapestry\id.go:151.50,160.25 3 1
D:\01Courses\03Master\0223-spring\1380_Distributed_Computer_Systems\modist-mtan33_\routing\tapestry\id.go:160.25,162.4 1 1
D:\01Courses\03Master\0223-spring\1380_Distributed_Computer_Systems\modist-mtan33_\routing\tapestry\id.go:162.9,162.32 1 1
D:\01Courses\03Master\0223-spring\1380_Distributed_Computer_Systems\modist-mtan33_\routing\tapestry\id.go:162.32,165.4 1 1
D:\01Courses\03Master\0223-spring\1380_Distributed_Computer_Systems\modist-mtan33_\routing\tapestry\id.go:174.24,175.11 1 0
D:\01Courses\03Master\0223-spring\1380_Distributed_Computer_Systems\modist-mtan33_\routing\tapestry\id.go:178.2,178.10 1 0
D:\01Courses\03Master\0223-spring\1380_Distributed_Computer_Systems\modist-mtan33_\routing\tapestry\id.go:175.11,177.3 1 0
D:\01Courses\03Master\0223-spring\1380_Distributed_Computer_Systems\modist-mtan33_\routing\tapestry\id.go:195.38,211.2 8 1
D:\01Courses\03Master\0223-spring\1380_Distributed_Computer_Systems\modist-mtan33_\routing\tapestry\id.go:214.33,217.27 3 1
D:\01Courses\03Master\0223-spring\1380_Distributed_Computer_Systems\modist-mtan33_\routing\tapestry\id.go:221.2,221.10 1 1
D:\01Courses\03Master\0223-spring\1380_Distributed_Computer_Systems\modist-mtan33_\routing\tapestry\id.go:217.27,220.3 2 1
D:\01Courses\03Master\0223-spring\1380_Distributed_Computer_Systems\modist-mtan33_\routing\tapestry\id.go:225.30,227.23 2 1
D:\01Courses\03Master\0223-spring\1380_Distributed_Computer_Systems\modist-mtan33_\routing\tapestry\id.go:230.2,230.21 1 1
D:\01Courses\03Master\0223-spring\1380_Distributed_Computer_Systems\modist-mtan33_\routing\tapestry\id.go:227.23,229.3 1 1
D:\01Courses\03Master\0223-spring\1380_Distributed_Computer_Systems\modist-mtan33_\routing\tapestry\id.go:234.43,237.29 2 1
D:\01Courses\03Master\0223-spring\1380_Distributed_Computer_Systems\modist-mtan33_\routing\tapestry\id.go:246.2,246.30 1 1
D:\01Courses\03Master\0223-spring\1380_Distributed_Computer_Systems\modist-mtan33_\routing\tapestry\id.go:254.2,254.16 1 1
D:\01Courses\03Master\0223-spring\1380_Distributed_Computer_Systems\modist-mtan33_\routing\tapestry\id.go:237.29,244.3 1 0
D:\01Courses\03Master\0223-spring\1380_Distributed_Computer_Systems\modist-mtan33_\routing\tapestry\id.go:246.30,248.17 2 1
D:\01Courses\03Master\0223-spring\1380_Distributed_Computer_Systems\modist-mtan33_\routing\tapestry\id.go:251.3,251.19 1 1
D:\01Courses\03Master\0223-spring\1380_Distributed_Computer_Systems\modist-mtan33_\routing\tapestry\id.go:248.17,250.4 1 0
D:\01Courses\03Master\0223-spring\1380_Distributed_Computer_Systems\modist-mtan33_\routing\tapestry\id.go:258.36,260.2 1 1
D:\01Courses\03Master\0223-spring\1380_Distributed_Computer_Systems\modist-mtan33_\routing\tapestry\id.go:262.29,264.25 2 0
D:\01Courses\03Master\0223-spring\1380_Distributed_Computer_Systems\modist-mtan33_\routing\tapestry\id.go:267.2,267.10 1 0
D:\01Courses\03Master\0223-spring\1380_Distributed_Computer_Systems\modist-mtan33_\routing\tapestry\id.go:264.25,266.3 1 0
D:\01Courses\03Master\0223-spring\1380_Distributed_Computer_Systems\modist-mtan33_\routing\tapestry\id.go:270.35,271.21 1 0
D:\01Courses\03Master\0223-spring\1380_Distributed_Computer_Systems\modist-mtan33_\routing\tapestry\id.go:274.2,274.33 1 0
D:\01Courses\03Master\0223-spring\1380_Distributed_Computer_Systems\modist-mtan33_\routing\tapestry\id.go:277.2,277.8 1 0
D:\01Courses\03Master\0223-spring\1380_Distributed_Computer_Systems\modist-mtan33_\routing\tapestry\id.go:271.21,273.3 1 0
D:\01Courses\03Master\0223-spring\1380_Distributed_Computer_Systems\modist-mtan33_\routing\tapestry\id.go:274.33,276.3 1 0
D:\01Courses\03Master\0223-spring\1380_Distributed_Computer_Systems\modist-mtan33_\routing\tapestry\id.go:281.42,283.25 2 1
D:\01Courses\03Master\0223-spring\1380_Distributed_Computer_Systems\modist-mtan33_\routing\tapestry\id.go:286.2,286.18 1 1
D:\01Courses\03Master\0223-spring\1380_Distributed_Computer_Systems\modist-mtan33_\routing\tapestry\id.go:283.25,285.3 1 1
D:\01Courses\03Master\0223-spring\1380_Distributed_Computer_Systems\modist-mtan33_\routing\tapestry\id.go:290.57,292.37 2 1
D:\01Courses\03Master\0223-spring\1380_Distributed_Computer_Systems\modist-mtan33_\routing\tapestry\id.go:300.2,300.17 1 1
D:\01Courses\03Master\0223-spring\1380_Distributed_Computer_Systems\modist-mtan33_\routing\tapestry\id.go:292.37,294.17 2 1
D:\01Courses\03Master\0223-spring\1380_Distributed_Computer_Systems\modist-mtan33_\routing\tapestry\id.go:298.3,298.24 1 1
D:\01Courses\03Master\0223-spring\1380_Distributed_Computer_Systems\modist-mtan33_\routing\tapestry\id.go:294.17,296.4 1 0
D:\01Courses\03Master\0223-spring\1380_Distributed_Computer_Systems\modist-mtan33_\routing\tapestry\location_map.go:24.36,28.2 3 1
D:\01Courses\03Master\0223-spring\1380_Distributed_Computer_Systems\modist-mtan33_\routing\tapestry\location_map.go:32.85,38.13 4 1
D:\01Courses\03Master\0223-spring\1380_Distributed_Computer_Systems\modist-mtan33_\routing\tapestry\location_map.go:43.2,44.13 2 1
D:\01Courses\03Master\0223-spring\1380_Distributed_Computer_Systems\modist-mtan33_\routing\tapestry\location_map.go:50.2,50.16 1 1
D:\01Courses\03Master\0223-spring\1380_Distributed_Computer_Systems\modist-mtan33_\routing\tapestry\location_map.go:38.13,40.3 1 1
D:\01Courses\03Master\0223-spring\1380_Distributed_Computer_Systems\modist-mtan33_\routing\tapestry\location_map.go:44.13,46.3 1 1
D:\01Courses\03Master\0223-spring\1380_Distributed_Computer_Systems\modist-mtan33_\routing\tapestry\location_map.go:46.8,48.3 1 0
D:\01Courses\03Master\0223-spring\1380_Distributed_Computer_Systems\modist-mtan33_\routing\tapestry\location_map.go:54.87,58.34 3 1
D:\01Courses\03Master\0223-spring\1380_Distributed_Computer_Systems\modist-mtan33_\routing\tapestry\location_map.go:58.34,60.14 2 0
D:\01Courses\03Master\0223-spring\1380_Distributed_Computer_Systems\modist-mtan33_\routing\tapestry\location_map.go:63.3,63.30 1 0
D:\01Courses\03Master\0223-spring\1380_Distributed_Computer_Systems\modist-mtan33_\routing\tapestry\location_map.go:60.14,62.4 1 0
D:\01Courses\03Master\0223-spring\1380_Distributed_Computer_Systems\modist-mtan33_\routing\tapestry\location_map.go:63.30,65.4 1 0
D:\01Courses\03Master\0223-spring\1380_Distributed_Computer_Systems\modist-mtan33_\routing\tapestry\location_map.go:71.64,79.2 5 0
D:\01Courses\03Master\0223-spring\1380_Distributed_Computer_Systems\modist-mtan33_\routing\tapestry\location_map.go:83.66,91.2 5 0
D:\01Courses\03Master\0223-spring\1380_Distributed_Computer_Systems\modist-mtan33_\routing\tapestry\location_map.go:94.56,100.2 4 1
D:\01Courses\03Master\0223-spring\1380_Distributed_Computer_Systems\modist-mtan33_\routing\tapestry\location_map.go:106.19,112.38 4 1
D:\01Courses\03Master\0223-spring\1380_Distributed_Computer_Systems\modist-mtan33_\routing\tapestry\location_map.go:119.2,119.28 1 1
D:\01Courses\03Master\0223-spring\1380_Distributed_Computer_Systems\modist-mtan33_\routing\tapestry\location_map.go:123.2,123.17 1 1
D:\01Courses\03Master\0223-spring\1380_Distributed_Computer_Systems\modist-mtan33_\routing\tapestry\location_map.go:112.38,114.50 1 0
D:\01Courses\03Master\0223-spring\1380_Distributed_Computer_Systems\modist-mtan33_\routing\tapestry\location_map.go:114.50,116.4 1 0
D:\01Courses\03Master\0223-spring\1380_Distributed_Computer_Systems\modist-mtan33_\routing\tapestry\location_map.go:119.28,121.3 1 0
D:\01Courses\03Master\0223-spring\1380_Distributed_Computer_Systems\modist-mtan33_\routing\tapestry\location_map.go:131.15,132.19 1 1
D:\01Courses\03Master\0223-spring\1380_Distributed_Computer_Systems\modist-mtan33_\routing\tapestry\location_map.go:146.2,146.40 1 1
D:\01Courses\03Master\0223-spring\1380_Distributed_Computer_Systems\modist-mtan33_\routing\tapestry\location_map.go:132.19,138.13 4 0
D:\01Courses\03Master\0223-spring\1380_Distributed_Computer_Systems\modist-mtan33_\routing\tapestry\location_map.go:143.3,143.23 1 0
D:\01Courses\03Master\0223-spring\1380_Distributed_Computer_Systems\modist-mtan33_\routing\tapestry\location_map.go:138.13,141.4 2 0
D:\01Courses\03Master\0223-spring\1380_Distributed_Computer_Systems\modist-mtan33_\routing\tapestry\location_map.go:150.53,151.28 1 1
D:\01Courses\03Master\0223-spring\1380_Distributed_Computer_Systems\modist-mtan33_\routing\tapestry\location_map.go:154.2,154.8 1 1
D:\01Courses\03Master\0223-spring\1380_Distributed_Computer_Systems\modist-mtan33_\routing\tapestry\location_map.go:151.28,153.3 1 1
